
     Program MATDYN v.7.3.1 starts on 24Jul2024 at  2:36: 5 

     This program is part of the open-source Quantum ESPRESSO suite
     for quantum simulation of materials; please cite
         "P. Giannozzi et al., J. Phys.:Condens. Matter 21 395502 (2009);
         "P. Giannozzi et al., J. Phys.:Condens. Matter 29 465901 (2017);
         "P. Giannozzi et al., J. Chem. Phys. 152 154105 (2020);
          URL http://www.quantum-espresso.org", 
     in publications or presentations arising from this work. More details at
     http://www.quantum-espresso.org/quote

     Parallel version (MPI), running on    24 processors

     MPI processes distributed on     1 nodes
     R & G space division:  proc/nbgrp/npool/nimage =      24
     71117 MiB available memory on the printing compute node when the environment starts

 mass for atomic type   1 not given; uses mass from file fc                                                                                                                                                                                                                                                              
 mass for atomic type   2 not given; uses mass from file fc                                                                                                                                                                                                                                                              
 mass for atomic type   3 not given; uses mass from file fc                                                                                                                                                                                                                                                              
 Norm of the difference between old and new effective charges:    0.00000009534625893854

 Norm of the difference between old and new force-constants:   0.00126808803730342153


     MATDYN       :     14h52m CPU     14h53m WALL


   This run was terminated on:  17:29:28  24Jul2024            

=------------------------------------------------------------------------------=
   JOB DONE.
=------------------------------------------------------------------------------=
